"""@author: github.com/isacarcanjo"""

1722816003.647655
1722816003.69018
1722816003.740532
1722816003.791884
1722816003.831612
1722816003.878137
1722816003.946326
1722816004.014468
1722816004.054305
1722816004.098163
1722816004.1574
1722816004.231999
1722816004.291519
1722816004.372332
1722816004.419582
1722816004.489437
1722816004.548925
1722816004.62393
1722816004.66798
1722816004.704775
1722816004.750575
1722816004.807387
1722816004.83142
1722816004.865438
1722816004.885181
1722816004.932822
1722816004.974203
1722816004.996272
1722816005.024831
1722816005.045913
1722816005.075291
1722816005.095476
1722816005.114045
1722816005.134231
1722816005.159287
1722816005.20839
1722816005.236762
1722816005.282787
1722816005.33316
1722816005.364045
1722816005.392543
1722816005.428571
1722816005.458237
1722816005.483676
1722816005.508769